mode: set
github.com/go-barry/barry/cmd/barry/main.go:11.13,25.41 2 0
github.com/go-barry/barry/cmd/barry/main.go:25.41,27.3 1 0
github.com/go-barry/barry/server.go:22.37,26.54 3 1
github.com/go-barry/barry/server.go:26.54,29.3 2 1
github.com/go-barry/barry/server.go:32.60,42.22 7 1
github.com/go-barry/barry/server.go:42.22,44.3 1 1
github.com/go-barry/barry/server.go:44.8,46.79 2 1
github.com/go-barry/barry/server.go:46.79,48.4 1 1
github.com/go-barry/barry/server.go:49.3,49.78 1 1
github.com/go-barry/barry/server.go:49.78,51.4 1 1
github.com/go-barry/barry/server.go:54.2,60.22 2 1
github.com/go-barry/barry/server.go:60.22,68.3 3 1
github.com/go-barry/barry/server.go:70.2,73.18 3 1
github.com/go-barry/barry/server.go:76.40,78.2 1 1
github.com/go-barry/barry/server.go:80.75,81.54 1 1
github.com/go-barry/barry/server.go:81.54,85.38 3 1
github.com/go-barry/barry/server.go:85.38,88.4 2 1
github.com/go-barry/barry/server.go:90.3,93.21 3 1
github.com/go-barry/barry/server.go:93.21,94.45 1 1
github.com/go-barry/barry/server.go:94.45,101.5 6 1
github.com/go-barry/barry/server.go:104.3,104.48 1 1
github.com/go-barry/barry/server.go:104.48,107.4 2 1
github.com/go-barry/barry/server.go:109.3,110.48 2 1
github.com/go-barry/barry/server.go:110.48,113.4 2 1
github.com/go-barry/barry/server.go:115.3,116.22 2 1
github.com/go-barry/barry/server.go:120.41,121.57 1 1
github.com/go-barry/barry/server.go:122.14,123.20 1 1
github.com/go-barry/barry/server.go:124.13,125.34 1 1
github.com/go-barry/barry/server.go:126.15,127.22 1 1
github.com/go-barry/barry/server.go:128.14,129.25 1 1
github.com/go-barry/barry/server.go:130.14,131.21 1 1
github.com/go-barry/barry/server.go:132.23,133.22 1 1
github.com/go-barry/barry/server.go:134.15,135.21 1 1
github.com/go-barry/barry/server.go:136.16,137.22 1 1
github.com/go-barry/barry/server.go:138.10,139.36 1 1
github.com/go-barry/barry/server.go:143.98,147.2 3 1
github.com/go-barry/barry/server.go:149.65,150.110 1 1
github.com/go-barry/barry/server.go:150.110,153.3 2 1
github.com/go-barry/barry/server.go:154.2,156.78 2 1
github.com/go-barry/barry/server.go:156.78,159.3 2 1
github.com/go-barry/barry/server.go:161.2,161.77 1 1
github.com/go-barry/barry/server.go:161.77,164.3 2 1
github.com/go-barry/barry/cli/check.go:18.37,22.84 3 0
github.com/go-barry/barry/cli/check.go:22.84,23.71 1 0
github.com/go-barry/barry/cli/check.go:23.71,25.5 1 0
github.com/go-barry/barry/cli/check.go:26.4,26.14 1 0
github.com/go-barry/barry/cli/check.go:29.3,29.80 1 0
github.com/go-barry/barry/cli/check.go:29.80,30.35 1 0
github.com/go-barry/barry/cli/check.go:30.35,32.5 1 0
github.com/go-barry/barry/cli/check.go:34.4,35.47 2 0
github.com/go-barry/barry/cli/check.go:35.47,37.5 1 0
github.com/go-barry/barry/cli/check.go:39.4,40.57 2 0
github.com/go-barry/barry/cli/check.go:40.57,42.32 2 0
github.com/go-barry/barry/cli/check.go:42.32,44.83 2 0
github.com/go-barry/barry/cli/check.go:44.83,46.12 2 0
github.com/go-barry/barry/cli/check.go:51.4,52.24 2 0
github.com/go-barry/barry/cli/check.go:52.24,54.5 1 0
github.com/go-barry/barry/cli/check.go:56.4,62.18 5 0
github.com/go-barry/barry/cli/check.go:62.18,66.5 3 0
github.com/go-barry/barry/cli/check.go:68.4,70.18 3 0
github.com/go-barry/barry/cli/check.go:70.18,73.5 2 0
github.com/go-barry/barry/cli/check.go:73.10,75.5 1 0
github.com/go-barry/barry/cli/check.go:77.4,77.14 1 0
github.com/go-barry/barry/cli/check.go:80.3,80.13 1 0
github.com/go-barry/barry/cli/check.go:80.13,82.4 1 0
github.com/go-barry/barry/cli/check.go:84.3,85.13 2 0
github.com/go-barry/barry/cli/clean.go:17.37,21.25 3 0
github.com/go-barry/barry/cli/clean.go:21.25,25.4 3 0
github.com/go-barry/barry/cli/clean.go:27.3,28.17 2 0
github.com/go-barry/barry/cli/clean.go:28.17,29.26 1 0
github.com/go-barry/barry/cli/clean.go:29.26,32.5 2 0
github.com/go-barry/barry/cli/clean.go:33.4,33.55 1 0
github.com/go-barry/barry/cli/clean.go:36.3,36.20 1 0
github.com/go-barry/barry/cli/clean.go:36.20,38.4 1 0
github.com/go-barry/barry/cli/clean.go:40.3,42.17 3 0
github.com/go-barry/barry/cli/clean.go:42.17,44.4 1 0
github.com/go-barry/barry/cli/clean.go:46.3,47.13 2 0
github.com/go-barry/barry/cli/commands.go:12.37,20.3 3 1
github.com/go-barry/barry/cli/commands.go:26.37,34.3 3 1
github.com/go-barry/barry/cli/info.go:16.37,26.84 8 1
github.com/go-barry/barry/cli/info.go:26.84,27.71 1 1
github.com/go-barry/barry/cli/info.go:27.71,29.5 1 1
github.com/go-barry/barry/cli/info.go:30.4,30.14 1 1
github.com/go-barry/barry/cli/info.go:33.3,34.80 2 1
github.com/go-barry/barry/cli/info.go:34.80,35.34 1 1
github.com/go-barry/barry/cli/info.go:35.34,37.49 2 1
github.com/go-barry/barry/cli/info.go:37.49,39.6 1 1
github.com/go-barry/barry/cli/info.go:41.4,41.14 1 1
github.com/go-barry/barry/cli/info.go:44.3,45.88 2 1
github.com/go-barry/barry/cli/info.go:45.88,46.71 1 1
github.com/go-barry/barry/cli/info.go:46.71,48.5 1 1
github.com/go-barry/barry/cli/info.go:49.4,49.14 1 1
github.com/go-barry/barry/cli/info.go:52.3,56.13 4 1
github.com/go-barry/barry/cli/init.go:20.37,25.17 4 0
github.com/go-barry/barry/cli/init.go:25.17,27.4 1 0
github.com/go-barry/barry/cli/init.go:29.3,32.46 3 0
github.com/go-barry/barry/cli/init.go:32.46,33.54 1 0
github.com/go-barry/barry/cli/init.go:33.54,41.37 7 0
github.com/go-barry/barry/cli/init.go:41.37,43.6 1 0
github.com/go-barry/barry/cli/init.go:45.5,49.37 5 0
github.com/go-barry/barry/cli/init.go:49.37,51.6 1 0
github.com/go-barry/barry/cli/init.go:55.3,57.13 3 0
github.com/go-barry/barry/cli/init.go:61.78,62.89 1 0
github.com/go-barry/barry/cli/init.go:62.89,63.17 1 0
github.com/go-barry/barry/cli/init.go:63.17,65.4 1 0
github.com/go-barry/barry/cli/init.go:67.3,68.17 2 0
github.com/go-barry/barry/cli/init.go:68.17,70.4 1 0
github.com/go-barry/barry/cli/init.go:72.3,72.17 1 0
github.com/go-barry/barry/cli/init.go:72.17,74.4 1 0
github.com/go-barry/barry/cli/init.go:76.3,78.16 2 0
github.com/go-barry/barry/cli/init.go:78.16,80.4 1 0
github.com/go-barry/barry/cli/init.go:82.3,83.17 2 0
github.com/go-barry/barry/cli/init.go:83.17,85.4 1 0
github.com/go-barry/barry/cli/init.go:87.3,87.76 1 0
github.com/go-barry/barry/cli/init.go:87.76,89.4 1 0
github.com/go-barry/barry/cli/init.go:91.3,91.46 1 0
github.com/go-barry/barry/core/assets.go:19.60,20.19 1 1
github.com/go-barry/barry/core/assets.go:20.19,22.3 1 1
github.com/go-barry/barry/core/assets.go:24.2,28.35 4 1
github.com/go-barry/barry/core/assets.go:28.35,30.3 1 1
github.com/go-barry/barry/core/assets.go:32.2,32.36 1 1
github.com/go-barry/barry/core/assets.go:32.36,34.3 1 1
github.com/go-barry/barry/core/assets.go:36.2,42.16 6 1
github.com/go-barry/barry/core/assets.go:42.16,44.3 1 1
github.com/go-barry/barry/core/assets.go:46.2,53.13 6 1
github.com/go-barry/barry/core/assets.go:54.14,55.68 1 1
github.com/go-barry/barry/core/assets.go:56.13,57.82 1 1
github.com/go-barry/barry/core/assets.go:60.2,60.22 1 1
github.com/go-barry/barry/core/assets.go:60.22,62.3 1 1
github.com/go-barry/barry/core/assets.go:64.2,66.68 2 1
github.com/go-barry/barry/core/assets.go:66.68,68.3 1 1
github.com/go-barry/barry/core/assets.go:70.2,70.58 1 1
github.com/go-barry/barry/core/assets.go:70.58,72.3 1 1
github.com/go-barry/barry/core/assets.go:74.2,74.44 1 1
github.com/go-barry/barry/core/assets.go:74.44,77.47 3 1
github.com/go-barry/barry/core/assets.go:77.47,79.4 1 1
github.com/go-barry/barry/core/assets.go:82.2,88.21 6 1
github.com/go-barry/barry/core/assets.go:91.64,93.38 1 1
github.com/go-barry/barry/core/assets.go:93.38,95.4 1 1
github.com/go-barry/barry/core/assets.go:96.63,97.26 1 1
github.com/go-barry/barry/core/assets.go:97.26,98.64 1 1
github.com/go-barry/barry/core/assets.go:100.4,101.40 2 1
github.com/go-barry/barry/core/assets.go:101.40,103.12 2 1
github.com/go-barry/barry/core/assets.go:103.12,104.41 1 1
github.com/go-barry/barry/core/assets.go:106.5,106.25 1 1
github.com/go-barry/barry/core/assets.go:108.4,108.12 1 1
github.com/go-barry/barry/core/assets.go:110.49,111.27 1 1
github.com/go-barry/barry/core/assets.go:112.23,113.15 1 1
github.com/go-barry/barry/core/assets.go:114.16,115.30 1 1
github.com/go-barry/barry/core/assets.go:116.12,117.14 1 1
github.com/go-barry/barry/core/assets.go:120.41,121.44 1 1
github.com/go-barry/barry/core/assets.go:121.44,123.5 1 1
github.com/go-barry/barry/core/assets.go:125.4,131.35 3 1
github.com/go-barry/barry/core/assets.go:131.35,132.54 1 1
github.com/go-barry/barry/core/assets.go:132.54,139.6 6 1
github.com/go-barry/barry/core/assets.go:142.4,142.15 1 1
github.com/go-barry/barry/core/cache.go:11.58,13.2 1 1
github.com/go-barry/barry/core/cache.go:15.64,19.16 3 1
github.com/go-barry/barry/core/cache.go:19.16,21.3 1 1
github.com/go-barry/barry/core/cache.go:22.2,22.22 1 1
github.com/go-barry/barry/core/cache.go:25.72,27.57 2 1
github.com/go-barry/barry/core/cache.go:27.57,29.3 1 1
github.com/go-barry/barry/core/cache.go:31.2,34.59 3 1
github.com/go-barry/barry/core/cache.go:34.59,36.3 1 1
github.com/go-barry/barry/core/cache.go:38.2,39.16 2 1
github.com/go-barry/barry/core/cache.go:39.16,41.3 1 1
github.com/go-barry/barry/core/cache.go:42.2,47.42 4 1
github.com/go-barry/barry/core/cache.go:47.42,49.3 1 1
github.com/go-barry/barry/core/cache.go:51.2,51.12 1 1
github.com/go-barry/barry/core/config.go:16.44,18.16 2 1
github.com/go-barry/barry/core/config.go:18.16,25.3 1 1
github.com/go-barry/barry/core/config.go:27.2,30.25 3 1
github.com/go-barry/barry/core/config.go:30.25,32.3 1 1
github.com/go-barry/barry/core/config.go:34.2,34.13 1 1
github.com/go-barry/barry/core/errors.go:7.38,9.2 1 1
github.com/go-barry/barry/core/executor.go:60.119,62.2 1 1
github.com/go-barry/barry/core/executor.go:64.143,68.16 3 1
github.com/go-barry/barry/core/executor.go:68.16,70.3 1 1
github.com/go-barry/barry/core/executor.go:72.2,73.16 2 1
github.com/go-barry/barry/core/executor.go:73.16,75.3 1 0
github.com/go-barry/barry/core/executor.go:77.2,86.48 5 1
github.com/go-barry/barry/core/executor.go:86.48,88.3 1 1
github.com/go-barry/barry/core/executor.go:90.2,91.16 2 1
github.com/go-barry/barry/core/executor.go:91.16,93.3 1 0
github.com/go-barry/barry/core/executor.go:95.2,99.57 4 1
github.com/go-barry/barry/core/executor.go:99.57,101.3 1 1
github.com/go-barry/barry/core/executor.go:103.2,104.63 2 1
github.com/go-barry/barry/core/executor.go:104.63,106.3 1 1
github.com/go-barry/barry/core/executor.go:108.2,113.13 5 1
github.com/go-barry/barry/core/executor.go:113.13,115.3 1 1
github.com/go-barry/barry/core/executor.go:115.8,117.3 1 1
github.com/go-barry/barry/core/executor.go:119.2,123.16 3 1
github.com/go-barry/barry/core/executor.go:123.16,125.50 2 1
github.com/go-barry/barry/core/executor.go:125.50,127.4 1 1
github.com/go-barry/barry/core/executor.go:128.3,128.69 1 1
github.com/go-barry/barry/core/executor.go:131.2,132.64 2 1
github.com/go-barry/barry/core/executor.go:132.64,134.3 1 1
github.com/go-barry/barry/core/executor.go:136.2,136.20 1 1
github.com/go-barry/barry/core/executor.go:139.62,141.6 2 1
github.com/go-barry/barry/core/executor.go:141.6,143.45 2 1
github.com/go-barry/barry/core/executor.go:143.45,145.18 2 1
github.com/go-barry/barry/core/executor.go:145.18,147.5 1 1
github.com/go-barry/barry/core/executor.go:148.4,149.31 2 1
github.com/go-barry/barry/core/executor.go:149.31,150.43 1 1
github.com/go-barry/barry/core/executor.go:150.43,153.6 2 1
github.com/go-barry/barry/core/executor.go:156.3,157.20 2 1
github.com/go-barry/barry/core/executor.go:157.20,158.9 1 1
github.com/go-barry/barry/core/executor.go:160.3,160.15 1 1
github.com/go-barry/barry/core/executor.go:162.2,162.75 1 1
github.com/go-barry/barry/core/livereload.go:21.52,25.44 1 1
github.com/go-barry/barry/core/livereload.go:25.44,27.5 1 1
github.com/go-barry/barry/core/livereload.go:32.73,34.16 2 1
github.com/go-barry/barry/core/livereload.go:34.16,36.3 1 1
github.com/go-barry/barry/core/livereload.go:38.2,42.12 4 1
github.com/go-barry/barry/core/livereload.go:42.12,43.16 1 1
github.com/go-barry/barry/core/livereload.go:43.16,48.4 4 1
github.com/go-barry/barry/core/livereload.go:50.3,50.7 1 1
github.com/go-barry/barry/core/livereload.go:50.7,51.50 1 1
github.com/go-barry/barry/core/livereload.go:51.50,52.10 1 1
github.com/go-barry/barry/core/livereload.go:58.43,62.31 3 1
github.com/go-barry/barry/core/livereload.go:62.31,64.17 2 1
github.com/go-barry/barry/core/livereload.go:64.17,67.4 2 1
github.com/go-barry/barry/core/router.go:49.48,52.2 2 1
github.com/go-barry/barry/core/router.go:54.39,55.19 1 1
github.com/go-barry/barry/core/router.go:55.19,57.3 1 1
github.com/go-barry/barry/core/router.go:58.2,58.17 1 1
github.com/go-barry/barry/core/router.go:74.13,75.12 1 1
github.com/go-barry/barry/core/router.go:75.12,76.31 1 1
github.com/go-barry/barry/core/router.go:76.31,83.4 5 1
github.com/go-barry/barry/core/router.go:87.70,96.12 4 1
github.com/go-barry/barry/core/router.go:96.12,99.3 2 1
github.com/go-barry/barry/core/router.go:100.2,100.12 1 1
github.com/go-barry/barry/core/router.go:100.12,103.3 2 1
github.com/go-barry/barry/core/router.go:104.2,106.21 2 1
github.com/go-barry/barry/core/router.go:106.21,108.3 1 1
github.com/go-barry/barry/core/router.go:110.2,110.10 1 1
github.com/go-barry/barry/core/router.go:113.31,116.83 2 1
github.com/go-barry/barry/core/router.go:116.83,117.31 1 1
github.com/go-barry/barry/core/router.go:117.31,119.4 1 1
github.com/go-barry/barry/core/router.go:121.3,121.55 1 1
github.com/go-barry/barry/core/router.go:121.55,123.4 1 1
github.com/go-barry/barry/core/router.go:125.3,126.46 2 1
github.com/go-barry/barry/core/router.go:126.46,128.4 1 1
github.com/go-barry/barry/core/router.go:130.3,135.30 5 1
github.com/go-barry/barry/core/router.go:135.30,136.36 1 1
github.com/go-barry/barry/core/router.go:136.36,140.5 3 1
github.com/go-barry/barry/core/router.go:140.10,142.5 1 1
github.com/go-barry/barry/core/router.go:145.3,155.13 3 1
github.com/go-barry/barry/core/router.go:158.2,158.19 1 1
github.com/go-barry/barry/core/router.go:161.39,163.87 2 1
github.com/go-barry/barry/core/router.go:163.87,164.70 1 1
github.com/go-barry/barry/core/router.go:164.70,166.4 1 1
github.com/go-barry/barry/core/router.go:167.3,167.13 1 1
github.com/go-barry/barry/core/router.go:169.2,169.26 1 1
github.com/go-barry/barry/core/router.go:172.148,173.45 1 1
github.com/go-barry/barry/core/router.go:173.45,176.3 2 1
github.com/go-barry/barry/core/router.go:178.2,180.27 2 1
github.com/go-barry/barry/core/router.go:180.27,185.42 4 1
github.com/go-barry/barry/core/router.go:185.42,186.52 1 1
github.com/go-barry/barry/core/router.go:186.52,188.64 2 1
github.com/go-barry/barry/core/router.go:188.64,189.47 1 1
github.com/go-barry/barry/core/router.go:189.47,191.7 1 1
github.com/go-barry/barry/core/router.go:192.6,193.12 2 1
github.com/go-barry/barry/core/router.go:195.5,199.30 5 1
github.com/go-barry/barry/core/router.go:199.30,201.6 1 1
github.com/go-barry/barry/core/router.go:202.5,202.46 1 1
github.com/go-barry/barry/core/router.go:202.46,204.6 1 1
github.com/go-barry/barry/core/router.go:205.5,206.11 2 1
github.com/go-barry/barry/core/router.go:210.3,210.55 1 1
github.com/go-barry/barry/core/router.go:210.55,212.63 2 1
github.com/go-barry/barry/core/router.go:212.63,213.46 1 1
github.com/go-barry/barry/core/router.go:213.46,215.6 1 1
github.com/go-barry/barry/core/router.go:216.5,217.11 2 1
github.com/go-barry/barry/core/router.go:219.4,221.29 3 1
github.com/go-barry/barry/core/router.go:221.29,223.5 1 1
github.com/go-barry/barry/core/router.go:224.4,224.45 1 1
github.com/go-barry/barry/core/router.go:224.45,226.5 1 1
github.com/go-barry/barry/core/router.go:227.4,228.10 2 1
github.com/go-barry/barry/core/router.go:233.2,234.47 2 1
github.com/go-barry/barry/core/router.go:234.47,239.17 5 1
github.com/go-barry/barry/core/router.go:239.17,240.28 1 1
github.com/go-barry/barry/core/router.go:240.28,243.5 2 1
github.com/go-barry/barry/core/router.go:244.4,245.10 2 1
github.com/go-barry/barry/core/router.go:247.3,247.16 1 1
github.com/go-barry/barry/core/router.go:250.2,253.22 3 1
github.com/go-barry/barry/core/router.go:253.22,254.48 1 1
github.com/go-barry/barry/core/router.go:254.48,256.4 1 1
github.com/go-barry/barry/core/router.go:256.9,257.26 1 1
github.com/go-barry/barry/core/router.go:257.26,259.5 1 1
github.com/go-barry/barry/core/router.go:263.2,269.51 5 1
github.com/go-barry/barry/core/router.go:269.51,271.3 1 1
github.com/go-barry/barry/core/router.go:271.8,275.17 3 1
github.com/go-barry/barry/core/router.go:275.17,279.4 3 1
github.com/go-barry/barry/core/router.go:280.3,281.37 2 1
github.com/go-barry/barry/core/router.go:284.2,285.72 2 1
github.com/go-barry/barry/core/router.go:285.72,288.3 2 1
github.com/go-barry/barry/core/router.go:290.2,292.20 2 1
github.com/go-barry/barry/core/router.go:292.20,303.3 1 1
github.com/go-barry/barry/core/router.go:305.2,306.27 2 1
github.com/go-barry/barry/core/router.go:306.27,308.3 1 1
github.com/go-barry/barry/core/router.go:309.2,311.27 2 1
github.com/go-barry/barry/core/router.go:311.27,320.10 3 1
github.com/go-barry/barry/core/router.go:321.26,322.26 1 1
github.com/go-barry/barry/core/router.go:322.26,324.5 1 1
github.com/go-barry/barry/core/router.go:325.11,326.26 1 1
github.com/go-barry/barry/core/router.go:326.26,328.5 1 1
github.com/go-barry/barry/core/router.go:329.4,329.14 1 1
github.com/go-barry/barry/core/router.go:329.14,333.19 4 1
github.com/go-barry/barry/core/router.go:333.19,335.6 1 1
github.com/go-barry/barry/core/router.go:335.11,337.6 1 1
github.com/go-barry/barry/core/router.go:343.70,348.16 4 1
github.com/go-barry/barry/core/router.go:348.16,350.3 1 1
github.com/go-barry/barry/core/router.go:350.8,352.34 2 1
github.com/go-barry/barry/core/router.go:352.34,353.76 1 1
github.com/go-barry/barry/core/router.go:353.76,355.41 2 1
github.com/go-barry/barry/core/router.go:355.41,357.6 1 1
github.com/go-barry/barry/core/router.go:358.5,360.10 3 1
github.com/go-barry/barry/core/router.go:363.3,363.13 1 1
github.com/go-barry/barry/core/router.go:363.13,365.4 1 1
github.com/go-barry/barry/core/router.go:368.2,368.54 1 1
github.com/go-barry/barry/core/router.go:368.54,371.3 2 1
github.com/go-barry/barry/core/router.go:374.36,376.16 2 1
github.com/go-barry/barry/core/router.go:376.16,378.3 1 1
github.com/go-barry/barry/core/router.go:379.2,383.20 3 1
github.com/go-barry/barry/core/router.go:383.20,384.34 1 1
github.com/go-barry/barry/core/router.go:384.34,385.77 1 1
github.com/go-barry/barry/core/router.go:385.77,386.35 1 1
github.com/go-barry/barry/core/router.go:386.35,388.6 1 1
github.com/go-barry/barry/core/router.go:389.5,389.15 1 1
github.com/go-barry/barry/core/router.go:394.2,397.22 3 1
github.com/go-barry/barry/core/router.go:397.22,399.3 1 0
github.com/go-barry/barry/core/router.go:401.2,401.6 1 1
github.com/go-barry/barry/core/router.go:401.6,402.10 1 1
github.com/go-barry/barry/core/router.go:403.38,404.11 1 1
github.com/go-barry/barry/core/router.go:404.11,406.5 1 0
github.com/go-barry/barry/core/router.go:407.4,407.86 1 1
github.com/go-barry/barry/core/router.go:407.86,409.5 1 1
github.com/go-barry/barry/core/router.go:410.21,413.43 3 1
github.com/go-barry/barry/core/router.go:413.43,416.5 2 1
github.com/go-barry/barry/core/router.go:417.36,418.11 1 0
github.com/go-barry/barry/core/router.go:418.11,420.5 1 0
github.com/go-barry/barry/core/router.go:421.4,421.40 1 0
github.com/go-barry/barry/core/router.go:426.53,428.8 2 1
github.com/go-barry/barry/core/router.go:428.8,430.3 1 1
github.com/go-barry/barry/core/router.go:431.2,433.29 3 1
github.com/go-barry/barry/core/router.go:436.46,438.8 2 1
github.com/go-barry/barry/core/router.go:438.8,440.3 1 1
github.com/go-barry/barry/core/router.go:441.2,443.29 3 1
github.com/go-barry/barry/core/router.go:446.39,449.2 2 1
github.com/go-barry/barry/core/router.go:451.41,455.2 1 1
github.com/go-barry/barry/core/router.go:457.40,459.2 1 1
github.com/go-barry/barry/core/router.go:461.47,463.26 2 1
github.com/go-barry/barry/core/router.go:463.26,465.42 2 1
github.com/go-barry/barry/core/router.go:465.42,468.4 2 1
github.com/go-barry/barry/core/router.go:470.2,470.38 1 1
github.com/go-barry/barry/core/router.go:473.52,474.45 1 1
github.com/go-barry/barry/core/router.go:474.45,476.3 1 1
github.com/go-barry/barry/core/router.go:478.2,479.16 2 1
github.com/go-barry/barry/core/router.go:479.16,482.3 2 1
github.com/go-barry/barry/core/router.go:483.2,486.44 3 1
github.com/go-barry/barry/core/router.go:486.44,488.80 2 1
github.com/go-barry/barry/core/router.go:488.80,492.4 3 1
github.com/go-barry/barry/core/router.go:495.2,495.38 1 1
github.com/go-barry/barry/core/router.go:495.38,497.3 1 1
github.com/go-barry/barry/core/router.go:499.2,500.24 2 1
github.com/go-barry/barry/core/router.go:503.91,516.38 5 1
github.com/go-barry/barry/core/router.go:516.38,521.23 3 1
github.com/go-barry/barry/core/router.go:521.23,522.49 1 1
github.com/go-barry/barry/core/router.go:522.49,524.5 1 1
github.com/go-barry/barry/core/router.go:524.10,526.5 1 1
github.com/go-barry/barry/core/router.go:529.3,529.17 1 1
github.com/go-barry/barry/core/router.go:529.17,530.43 1 1
github.com/go-barry/barry/core/router.go:530.43,532.5 1 1
github.com/go-barry/barry/core/router.go:532.10,534.5 1 1
github.com/go-barry/barry/core/router.go:537.3,537.38 1 1
github.com/go-barry/barry/core/router.go:537.38,538.15 1 1
github.com/go-barry/barry/core/router.go:538.15,540.5 1 1
github.com/go-barry/barry/core/router.go:543.3,543.26 1 1
github.com/go-barry/barry/core/router.go:543.26,546.4 2 1
github.com/go-barry/barry/core/router.go:548.3,552.17 4 1
github.com/go-barry/barry/core/router.go:552.17,556.4 3 1
github.com/go-barry/barry/core/router.go:558.3,560.23 2 1
github.com/go-barry/barry/core/router.go:560.23,562.4 1 1
github.com/go-barry/barry/core/router.go:562.9,564.4 1 1
github.com/go-barry/barry/core/router.go:566.3,566.17 1 1
github.com/go-barry/barry/core/router.go:566.17,570.4 3 1
github.com/go-barry/barry/core/router.go:572.3,572.14 1 1
github.com/go-barry/barry/core/router.go:575.2,575.53 1 1
github.com/go-barry/barry/core/router.go:575.53,577.3 1 1
github.com/go-barry/barry/core/router.go:579.2,580.44 2 1
