mode: set
github.com/go-barry/barry/cmd/barry/main.go:11.13,25.41 2 0
github.com/go-barry/barry/cmd/barry/main.go:25.41,27.3 1 0
github.com/go-barry/barry/server.go:19.37,29.22 7 0
github.com/go-barry/barry/server.go:29.22,31.3 1 0
github.com/go-barry/barry/server.go:31.8,33.79 2 0
github.com/go-barry/barry/server.go:33.79,35.4 1 0
github.com/go-barry/barry/server.go:36.3,36.78 1 0
github.com/go-barry/barry/server.go:36.78,38.4 1 0
github.com/go-barry/barry/server.go:41.2,47.22 2 0
github.com/go-barry/barry/server.go:47.22,55.3 3 0
github.com/go-barry/barry/server.go:57.2,61.55 4 0
github.com/go-barry/barry/server.go:61.55,64.3 2 0
github.com/go-barry/barry/server.go:67.40,69.2 1 1
github.com/go-barry/barry/server.go:71.75,72.54 1 1
github.com/go-barry/barry/server.go:72.54,74.44 2 1
github.com/go-barry/barry/server.go:74.44,76.4 1 0
github.com/go-barry/barry/server.go:77.3,79.38 2 1
github.com/go-barry/barry/server.go:79.38,82.4 2 1
github.com/go-barry/barry/server.go:84.3,87.21 3 1
github.com/go-barry/barry/server.go:87.21,88.45 1 0
github.com/go-barry/barry/server.go:88.45,95.5 6 0
github.com/go-barry/barry/server.go:98.3,98.48 1 1
github.com/go-barry/barry/server.go:98.48,101.4 2 0
github.com/go-barry/barry/server.go:103.3,104.48 2 1
github.com/go-barry/barry/server.go:104.48,107.4 2 1
github.com/go-barry/barry/server.go:109.3,110.22 2 1
github.com/go-barry/barry/server.go:114.41,115.57 1 1
github.com/go-barry/barry/server.go:116.14,117.20 1 1
github.com/go-barry/barry/server.go:118.13,119.34 1 1
github.com/go-barry/barry/server.go:120.15,121.22 1 1
github.com/go-barry/barry/server.go:122.14,123.25 1 1
github.com/go-barry/barry/server.go:124.14,125.21 1 1
github.com/go-barry/barry/server.go:126.23,127.22 1 1
github.com/go-barry/barry/server.go:128.15,129.21 1 1
github.com/go-barry/barry/server.go:130.16,131.22 1 1
github.com/go-barry/barry/server.go:132.10,133.36 1 1
github.com/go-barry/barry/server.go:137.98,141.2 3 1
github.com/go-barry/barry/server.go:143.65,144.110 1 0
github.com/go-barry/barry/server.go:144.110,147.3 2 0
github.com/go-barry/barry/server.go:148.2,150.78 2 0
github.com/go-barry/barry/server.go:150.78,153.3 2 0
github.com/go-barry/barry/server.go:155.2,155.77 1 0
github.com/go-barry/barry/server.go:155.77,158.3 2 0
github.com/go-barry/barry/cli/check.go:18.37,22.84 3 0
github.com/go-barry/barry/cli/check.go:22.84,23.71 1 0
github.com/go-barry/barry/cli/check.go:23.71,25.5 1 0
github.com/go-barry/barry/cli/check.go:26.4,26.14 1 0
github.com/go-barry/barry/cli/check.go:29.3,29.80 1 0
github.com/go-barry/barry/cli/check.go:29.80,30.35 1 0
github.com/go-barry/barry/cli/check.go:30.35,32.5 1 0
github.com/go-barry/barry/cli/check.go:34.4,35.47 2 0
github.com/go-barry/barry/cli/check.go:35.47,37.5 1 0
github.com/go-barry/barry/cli/check.go:39.4,40.57 2 0
github.com/go-barry/barry/cli/check.go:40.57,42.32 2 0
github.com/go-barry/barry/cli/check.go:42.32,44.83 2 0
github.com/go-barry/barry/cli/check.go:44.83,46.12 2 0
github.com/go-barry/barry/cli/check.go:51.4,52.24 2 0
github.com/go-barry/barry/cli/check.go:52.24,54.5 1 0
github.com/go-barry/barry/cli/check.go:56.4,62.18 5 0
github.com/go-barry/barry/cli/check.go:62.18,66.5 3 0
github.com/go-barry/barry/cli/check.go:68.4,70.18 3 0
github.com/go-barry/barry/cli/check.go:70.18,73.5 2 0
github.com/go-barry/barry/cli/check.go:73.10,75.5 1 0
github.com/go-barry/barry/cli/check.go:77.4,77.14 1 0
github.com/go-barry/barry/cli/check.go:80.3,80.13 1 0
github.com/go-barry/barry/cli/check.go:80.13,82.4 1 0
github.com/go-barry/barry/cli/check.go:84.3,85.13 2 0
github.com/go-barry/barry/cli/clean.go:17.37,21.25 3 0
github.com/go-barry/barry/cli/clean.go:21.25,25.4 3 0
github.com/go-barry/barry/cli/clean.go:27.3,28.17 2 0
github.com/go-barry/barry/cli/clean.go:28.17,29.26 1 0
github.com/go-barry/barry/cli/clean.go:29.26,32.5 2 0
github.com/go-barry/barry/cli/clean.go:33.4,33.55 1 0
github.com/go-barry/barry/cli/clean.go:36.3,36.20 1 0
github.com/go-barry/barry/cli/clean.go:36.20,38.4 1 0
github.com/go-barry/barry/cli/clean.go:40.3,42.17 3 0
github.com/go-barry/barry/cli/clean.go:42.17,44.4 1 0
github.com/go-barry/barry/cli/clean.go:46.3,47.13 2 0
github.com/go-barry/barry/cli/commands.go:12.37,20.3 3 1
github.com/go-barry/barry/cli/commands.go:26.37,34.3 3 1
github.com/go-barry/barry/cli/info.go:16.37,26.84 8 1
github.com/go-barry/barry/cli/info.go:26.84,27.71 1 1
github.com/go-barry/barry/cli/info.go:27.71,29.5 1 1
github.com/go-barry/barry/cli/info.go:30.4,30.14 1 1
github.com/go-barry/barry/cli/info.go:33.3,34.80 2 1
github.com/go-barry/barry/cli/info.go:34.80,35.34 1 1
github.com/go-barry/barry/cli/info.go:35.34,37.49 2 1
github.com/go-barry/barry/cli/info.go:37.49,39.6 1 1
github.com/go-barry/barry/cli/info.go:41.4,41.14 1 1
github.com/go-barry/barry/cli/info.go:44.3,45.88 2 1
github.com/go-barry/barry/cli/info.go:45.88,46.71 1 1
github.com/go-barry/barry/cli/info.go:46.71,48.5 1 1
github.com/go-barry/barry/cli/info.go:49.4,49.14 1 1
github.com/go-barry/barry/cli/info.go:52.3,56.13 4 1
github.com/go-barry/barry/cli/init.go:20.37,25.17 4 0
github.com/go-barry/barry/cli/init.go:25.17,27.4 1 0
github.com/go-barry/barry/cli/init.go:29.3,32.46 3 0
github.com/go-barry/barry/cli/init.go:32.46,33.54 1 0
github.com/go-barry/barry/cli/init.go:33.54,41.37 7 0
github.com/go-barry/barry/cli/init.go:41.37,43.6 1 0
github.com/go-barry/barry/cli/init.go:45.5,49.37 5 0
github.com/go-barry/barry/cli/init.go:49.37,51.6 1 0
github.com/go-barry/barry/cli/init.go:55.3,57.13 3 0
github.com/go-barry/barry/cli/init.go:61.78,62.89 1 0
github.com/go-barry/barry/cli/init.go:62.89,63.17 1 0
github.com/go-barry/barry/cli/init.go:63.17,65.4 1 0
github.com/go-barry/barry/cli/init.go:67.3,68.17 2 0
github.com/go-barry/barry/cli/init.go:68.17,70.4 1 0
github.com/go-barry/barry/cli/init.go:72.3,72.17 1 0
github.com/go-barry/barry/cli/init.go:72.17,74.4 1 0
github.com/go-barry/barry/cli/init.go:76.3,78.16 2 0
github.com/go-barry/barry/cli/init.go:78.16,80.4 1 0
github.com/go-barry/barry/cli/init.go:82.3,83.17 2 0
github.com/go-barry/barry/cli/init.go:83.17,85.4 1 0
github.com/go-barry/barry/cli/init.go:87.3,87.76 1 0
github.com/go-barry/barry/cli/init.go:87.76,89.4 1 0
github.com/go-barry/barry/cli/init.go:91.3,91.46 1 0
github.com/go-barry/barry/core/assets.go:19.60,20.19 1 1
github.com/go-barry/barry/core/assets.go:20.19,22.3 1 1
github.com/go-barry/barry/core/assets.go:24.2,28.35 4 1
github.com/go-barry/barry/core/assets.go:28.35,30.3 1 0
github.com/go-barry/barry/core/assets.go:32.2,32.36 1 1
github.com/go-barry/barry/core/assets.go:32.36,34.3 1 0
github.com/go-barry/barry/core/assets.go:36.2,42.16 6 1
github.com/go-barry/barry/core/assets.go:42.16,44.3 1 0
github.com/go-barry/barry/core/assets.go:46.2,53.13 6 1
github.com/go-barry/barry/core/assets.go:54.14,55.68 1 1
github.com/go-barry/barry/core/assets.go:56.13,57.82 1 0
github.com/go-barry/barry/core/assets.go:60.2,60.22 1 1
github.com/go-barry/barry/core/assets.go:60.22,62.3 1 0
github.com/go-barry/barry/core/assets.go:64.2,66.68 2 1
github.com/go-barry/barry/core/assets.go:66.68,68.3 1 0
github.com/go-barry/barry/core/assets.go:70.2,70.58 1 1
github.com/go-barry/barry/core/assets.go:70.58,72.3 1 0
github.com/go-barry/barry/core/assets.go:74.2,74.44 1 1
github.com/go-barry/barry/core/assets.go:74.44,77.47 3 1
github.com/go-barry/barry/core/assets.go:77.47,79.4 1 1
github.com/go-barry/barry/core/assets.go:82.2,88.21 6 1
github.com/go-barry/barry/core/assets.go:91.64,93.38 1 1
github.com/go-barry/barry/core/assets.go:93.38,95.4 1 0
github.com/go-barry/barry/core/assets.go:96.63,97.26 1 1
github.com/go-barry/barry/core/assets.go:97.26,98.64 1 1
github.com/go-barry/barry/core/assets.go:100.4,101.40 2 1
github.com/go-barry/barry/core/assets.go:101.40,103.12 2 1
github.com/go-barry/barry/core/assets.go:103.12,104.41 1 0
github.com/go-barry/barry/core/assets.go:106.5,106.25 1 1
github.com/go-barry/barry/core/assets.go:108.4,108.12 1 1
github.com/go-barry/barry/core/assets.go:110.49,111.27 1 1
github.com/go-barry/barry/core/assets.go:112.23,113.15 1 1
github.com/go-barry/barry/core/assets.go:114.16,115.30 1 1
github.com/go-barry/barry/core/assets.go:116.12,117.14 1 1
github.com/go-barry/barry/core/assets.go:120.41,121.44 1 1
github.com/go-barry/barry/core/assets.go:121.44,123.5 1 0
github.com/go-barry/barry/core/assets.go:125.4,131.35 3 1
github.com/go-barry/barry/core/assets.go:131.35,132.54 1 1
github.com/go-barry/barry/core/assets.go:132.54,139.6 6 1
github.com/go-barry/barry/core/assets.go:142.4,142.15 1 1
github.com/go-barry/barry/core/cache.go:10.64,14.16 3 1
github.com/go-barry/barry/core/cache.go:14.16,16.3 1 1
github.com/go-barry/barry/core/cache.go:17.2,17.22 1 1
github.com/go-barry/barry/core/cache.go:20.72,22.57 2 1
github.com/go-barry/barry/core/cache.go:22.57,24.3 1 0
github.com/go-barry/barry/core/cache.go:26.2,29.59 3 1
github.com/go-barry/barry/core/cache.go:29.59,31.3 1 0
github.com/go-barry/barry/core/cache.go:33.2,34.16 2 1
github.com/go-barry/barry/core/cache.go:34.16,36.3 1 0
github.com/go-barry/barry/core/cache.go:37.2,42.42 4 1
github.com/go-barry/barry/core/cache.go:42.42,44.3 1 0
github.com/go-barry/barry/core/cache.go:46.2,46.12 1 1
github.com/go-barry/barry/core/config.go:16.37,18.16 2 1
github.com/go-barry/barry/core/config.go:18.16,25.3 1 1
github.com/go-barry/barry/core/config.go:27.2,30.25 3 1
github.com/go-barry/barry/core/config.go:30.25,32.3 1 1
github.com/go-barry/barry/core/config.go:34.2,34.12 1 1
github.com/go-barry/barry/core/errors.go:7.38,9.2 1 1
github.com/go-barry/barry/core/executor.go:60.113,64.16 3 1
github.com/go-barry/barry/core/executor.go:64.16,66.3 1 0
github.com/go-barry/barry/core/executor.go:68.2,69.16 2 1
github.com/go-barry/barry/core/executor.go:69.16,71.3 1 0
github.com/go-barry/barry/core/executor.go:73.2,82.48 5 1
github.com/go-barry/barry/core/executor.go:82.48,84.3 1 0
github.com/go-barry/barry/core/executor.go:86.2,87.16 2 1
github.com/go-barry/barry/core/executor.go:87.16,89.3 1 0
github.com/go-barry/barry/core/executor.go:91.2,95.57 4 1
github.com/go-barry/barry/core/executor.go:95.57,97.3 1 0
github.com/go-barry/barry/core/executor.go:99.2,100.63 2 1
github.com/go-barry/barry/core/executor.go:100.63,102.3 1 0
github.com/go-barry/barry/core/executor.go:104.2,109.13 5 1
github.com/go-barry/barry/core/executor.go:109.13,111.3 1 0
github.com/go-barry/barry/core/executor.go:111.8,113.3 1 1
github.com/go-barry/barry/core/executor.go:115.2,119.16 3 1
github.com/go-barry/barry/core/executor.go:119.16,121.50 2 1
github.com/go-barry/barry/core/executor.go:121.50,123.4 1 1
github.com/go-barry/barry/core/executor.go:124.3,124.69 1 0
github.com/go-barry/barry/core/executor.go:127.2,128.64 2 1
github.com/go-barry/barry/core/executor.go:128.64,130.3 1 0
github.com/go-barry/barry/core/executor.go:132.2,132.20 1 1
github.com/go-barry/barry/core/executor.go:135.62,137.6 2 1
github.com/go-barry/barry/core/executor.go:137.6,139.45 2 1
github.com/go-barry/barry/core/executor.go:139.45,141.18 2 1
github.com/go-barry/barry/core/executor.go:141.18,143.5 1 0
github.com/go-barry/barry/core/executor.go:144.4,145.31 2 1
github.com/go-barry/barry/core/executor.go:145.31,146.43 1 1
github.com/go-barry/barry/core/executor.go:146.43,149.6 2 1
github.com/go-barry/barry/core/executor.go:152.3,153.20 2 1
github.com/go-barry/barry/core/executor.go:153.20,154.9 1 0
github.com/go-barry/barry/core/executor.go:156.3,156.15 1 1
github.com/go-barry/barry/core/executor.go:158.2,158.75 1 0
github.com/go-barry/barry/core/livereload.go:16.38,20.44 1 1
github.com/go-barry/barry/core/livereload.go:20.44,22.5 1 1
github.com/go-barry/barry/core/livereload.go:27.73,29.16 2 1
github.com/go-barry/barry/core/livereload.go:29.16,31.3 1 1
github.com/go-barry/barry/core/livereload.go:33.2,37.12 4 1
github.com/go-barry/barry/core/livereload.go:37.12,38.16 1 1
github.com/go-barry/barry/core/livereload.go:38.16,43.4 4 1
github.com/go-barry/barry/core/livereload.go:45.3,45.7 1 1
github.com/go-barry/barry/core/livereload.go:45.7,46.50 1 1
github.com/go-barry/barry/core/livereload.go:46.50,47.10 1 1
github.com/go-barry/barry/core/livereload.go:53.43,57.31 3 1
github.com/go-barry/barry/core/livereload.go:57.31,59.17 2 1
github.com/go-barry/barry/core/livereload.go:59.17,62.4 2 0
github.com/go-barry/barry/core/router.go:49.48,52.2 2 1
github.com/go-barry/barry/core/router.go:54.39,55.19 1 1
github.com/go-barry/barry/core/router.go:55.19,57.3 1 0
github.com/go-barry/barry/core/router.go:58.2,58.17 1 1
github.com/go-barry/barry/core/router.go:72.13,73.12 1 1
github.com/go-barry/barry/core/router.go:73.12,74.31 1 1
github.com/go-barry/barry/core/router.go:74.31,81.4 5 0
github.com/go-barry/barry/core/router.go:85.59,94.12 4 1
github.com/go-barry/barry/core/router.go:94.12,97.3 2 1
github.com/go-barry/barry/core/router.go:98.2,98.12 1 1
github.com/go-barry/barry/core/router.go:98.12,101.3 2 1
github.com/go-barry/barry/core/router.go:102.2,104.21 2 1
github.com/go-barry/barry/core/router.go:104.21,106.3 1 0
github.com/go-barry/barry/core/router.go:108.2,108.10 1 1
github.com/go-barry/barry/core/router.go:111.31,114.83 2 1
github.com/go-barry/barry/core/router.go:114.83,115.31 1 1
github.com/go-barry/barry/core/router.go:115.31,117.4 1 1
github.com/go-barry/barry/core/router.go:119.3,119.55 1 1
github.com/go-barry/barry/core/router.go:119.55,121.4 1 1
github.com/go-barry/barry/core/router.go:123.3,124.46 2 1
github.com/go-barry/barry/core/router.go:124.46,126.4 1 1
github.com/go-barry/barry/core/router.go:128.3,133.30 5 1
github.com/go-barry/barry/core/router.go:133.30,134.36 1 1
github.com/go-barry/barry/core/router.go:134.36,138.5 3 0
github.com/go-barry/barry/core/router.go:138.10,140.5 1 1
github.com/go-barry/barry/core/router.go:143.3,153.13 3 1
github.com/go-barry/barry/core/router.go:156.2,156.19 1 1
github.com/go-barry/barry/core/router.go:159.39,161.87 2 1
github.com/go-barry/barry/core/router.go:161.87,162.70 1 1
github.com/go-barry/barry/core/router.go:162.70,164.4 1 1
github.com/go-barry/barry/core/router.go:165.3,165.13 1 1
github.com/go-barry/barry/core/router.go:167.2,167.26 1 1
github.com/go-barry/barry/core/router.go:170.148,171.45 1 1
github.com/go-barry/barry/core/router.go:171.45,174.3 2 0
github.com/go-barry/barry/core/router.go:176.2,178.27 2 1
github.com/go-barry/barry/core/router.go:178.27,183.42 4 0
github.com/go-barry/barry/core/router.go:183.42,184.52 1 0
github.com/go-barry/barry/core/router.go:184.52,186.64 2 0
github.com/go-barry/barry/core/router.go:186.64,187.47 1 0
github.com/go-barry/barry/core/router.go:187.47,189.7 1 0
github.com/go-barry/barry/core/router.go:190.6,191.12 2 0
github.com/go-barry/barry/core/router.go:193.5,197.30 5 0
github.com/go-barry/barry/core/router.go:197.30,199.6 1 0
github.com/go-barry/barry/core/router.go:200.5,200.46 1 0
github.com/go-barry/barry/core/router.go:200.46,202.6 1 0
github.com/go-barry/barry/core/router.go:203.5,204.11 2 0
github.com/go-barry/barry/core/router.go:208.3,208.55 1 0
github.com/go-barry/barry/core/router.go:208.55,210.63 2 0
github.com/go-barry/barry/core/router.go:210.63,211.46 1 0
github.com/go-barry/barry/core/router.go:211.46,213.6 1 0
github.com/go-barry/barry/core/router.go:214.5,215.11 2 0
github.com/go-barry/barry/core/router.go:217.4,219.29 3 0
github.com/go-barry/barry/core/router.go:219.29,221.5 1 0
github.com/go-barry/barry/core/router.go:222.4,222.45 1 0
github.com/go-barry/barry/core/router.go:222.45,224.5 1 0
github.com/go-barry/barry/core/router.go:225.4,226.10 2 0
github.com/go-barry/barry/core/router.go:231.2,232.47 2 1
github.com/go-barry/barry/core/router.go:232.47,237.17 5 0
github.com/go-barry/barry/core/router.go:237.17,238.28 1 0
github.com/go-barry/barry/core/router.go:238.28,241.5 2 0
github.com/go-barry/barry/core/router.go:242.4,243.10 2 0
github.com/go-barry/barry/core/router.go:245.3,245.16 1 0
github.com/go-barry/barry/core/router.go:248.2,255.51 6 1
github.com/go-barry/barry/core/router.go:255.51,257.3 1 0
github.com/go-barry/barry/core/router.go:257.8,260.17 3 1
github.com/go-barry/barry/core/router.go:260.17,264.4 3 0
github.com/go-barry/barry/core/router.go:265.3,266.37 2 1
github.com/go-barry/barry/core/router.go:269.2,270.72 2 1
github.com/go-barry/barry/core/router.go:270.72,273.3 2 0
github.com/go-barry/barry/core/router.go:275.2,277.20 2 1
github.com/go-barry/barry/core/router.go:277.20,288.3 1 1
github.com/go-barry/barry/core/router.go:290.2,291.27 2 1
github.com/go-barry/barry/core/router.go:291.27,293.3 1 0
github.com/go-barry/barry/core/router.go:294.2,296.27 2 1
github.com/go-barry/barry/core/router.go:296.27,305.10 3 0
github.com/go-barry/barry/core/router.go:306.26,307.26 1 0
github.com/go-barry/barry/core/router.go:307.26,309.5 1 0
github.com/go-barry/barry/core/router.go:310.11,311.26 1 0
github.com/go-barry/barry/core/router.go:311.26,313.5 1 0
github.com/go-barry/barry/core/router.go:314.4,314.14 1 0
github.com/go-barry/barry/core/router.go:314.14,318.19 4 0
github.com/go-barry/barry/core/router.go:318.19,320.6 1 0
github.com/go-barry/barry/core/router.go:320.11,322.6 1 0
github.com/go-barry/barry/core/router.go:328.70,333.16 4 1
github.com/go-barry/barry/core/router.go:333.16,335.3 1 0
github.com/go-barry/barry/core/router.go:335.8,337.34 2 1
github.com/go-barry/barry/core/router.go:337.34,338.76 1 1
github.com/go-barry/barry/core/router.go:338.76,340.41 2 1
github.com/go-barry/barry/core/router.go:340.41,342.6 1 0
github.com/go-barry/barry/core/router.go:343.5,345.10 3 1
github.com/go-barry/barry/core/router.go:348.3,348.13 1 1
github.com/go-barry/barry/core/router.go:348.13,350.4 1 1
github.com/go-barry/barry/core/router.go:353.2,353.54 1 1
github.com/go-barry/barry/core/router.go:353.54,356.3 2 1
github.com/go-barry/barry/core/router.go:359.36,361.16 2 0
github.com/go-barry/barry/core/router.go:361.16,363.3 1 0
github.com/go-barry/barry/core/router.go:364.2,368.20 3 0
github.com/go-barry/barry/core/router.go:368.20,369.34 1 0
github.com/go-barry/barry/core/router.go:369.34,370.77 1 0
github.com/go-barry/barry/core/router.go:370.77,371.35 1 0
github.com/go-barry/barry/core/router.go:371.35,373.6 1 0
github.com/go-barry/barry/core/router.go:374.5,374.15 1 0
github.com/go-barry/barry/core/router.go:379.2,382.22 3 0
github.com/go-barry/barry/core/router.go:382.22,384.3 1 0
github.com/go-barry/barry/core/router.go:386.2,386.6 1 0
github.com/go-barry/barry/core/router.go:386.6,387.10 1 0
github.com/go-barry/barry/core/router.go:388.38,389.11 1 0
github.com/go-barry/barry/core/router.go:389.11,391.5 1 0
github.com/go-barry/barry/core/router.go:392.4,392.86 1 0
github.com/go-barry/barry/core/router.go:392.86,394.5 1 0
github.com/go-barry/barry/core/router.go:395.21,398.43 3 0
github.com/go-barry/barry/core/router.go:398.43,401.5 2 0
github.com/go-barry/barry/core/router.go:402.36,403.11 1 0
github.com/go-barry/barry/core/router.go:403.11,405.5 1 0
github.com/go-barry/barry/core/router.go:406.4,406.40 1 0
github.com/go-barry/barry/core/router.go:411.53,413.8 2 0
github.com/go-barry/barry/core/router.go:413.8,415.3 1 0
github.com/go-barry/barry/core/router.go:416.2,418.29 3 0
github.com/go-barry/barry/core/router.go:421.46,423.8 2 0
github.com/go-barry/barry/core/router.go:423.8,425.3 1 0
github.com/go-barry/barry/core/router.go:426.2,428.29 3 0
github.com/go-barry/barry/core/router.go:431.39,434.2 2 1
github.com/go-barry/barry/core/router.go:436.41,440.2 1 1
github.com/go-barry/barry/core/router.go:442.40,444.2 1 0
github.com/go-barry/barry/core/router.go:446.47,448.26 2 1
github.com/go-barry/barry/core/router.go:448.26,450.42 2 1
github.com/go-barry/barry/core/router.go:450.42,453.4 2 1
github.com/go-barry/barry/core/router.go:455.2,455.38 1 1
github.com/go-barry/barry/core/router.go:458.52,459.45 1 1
github.com/go-barry/barry/core/router.go:459.45,461.3 1 0
github.com/go-barry/barry/core/router.go:463.2,464.16 2 1
github.com/go-barry/barry/core/router.go:464.16,467.3 2 0
github.com/go-barry/barry/core/router.go:468.2,471.44 3 1
github.com/go-barry/barry/core/router.go:471.44,473.80 2 1
github.com/go-barry/barry/core/router.go:473.80,477.4 3 1
github.com/go-barry/barry/core/router.go:480.2,480.38 1 0
github.com/go-barry/barry/core/router.go:480.38,482.3 1 0
github.com/go-barry/barry/core/router.go:484.2,485.24 2 0
github.com/go-barry/barry/core/router.go:488.91,501.38 5 1
github.com/go-barry/barry/core/router.go:501.38,505.23 3 1
github.com/go-barry/barry/core/router.go:505.23,507.4 1 1
github.com/go-barry/barry/core/router.go:509.3,510.23 2 1
github.com/go-barry/barry/core/router.go:510.23,512.4 1 1
github.com/go-barry/barry/core/router.go:513.3,519.17 6 1
github.com/go-barry/barry/core/router.go:519.17,522.4 2 0
github.com/go-barry/barry/core/router.go:524.3,526.23 2 1
github.com/go-barry/barry/core/router.go:526.23,528.4 1 1
github.com/go-barry/barry/core/router.go:528.9,530.4 1 0
github.com/go-barry/barry/core/router.go:532.3,532.17 1 1
github.com/go-barry/barry/core/router.go:532.17,535.4 2 0
github.com/go-barry/barry/core/router.go:536.3,536.14 1 1
github.com/go-barry/barry/core/router.go:539.2,539.53 1 1
github.com/go-barry/barry/core/router.go:539.53,541.3 1 1
github.com/go-barry/barry/core/router.go:543.2,544.44 2 0
